<?xml version="1.0" encoding="UTF-8"?><testsuite errors="0" failures="1" name="fashionette.automation.features.find.SearchStory" skipped="0" tests="1" time="161.28" timestamp="2018-02-11T08:53:37.548+01:00[Europe/Berlin]"><testcase classname="fashionette.automation.features.find.SearchStory" name="Should return list of products"><failure message="&#10;Expecting:&#10; &lt;359.2&gt;&#10;to be greater than:&#10; &lt;449.0&gt; " type="java.lang.AssertionError">
Expecting:
 &lt;359.2&gt;
to be greater than:
 &lt;449.0&gt; </failure><system-err>
Expecting:
 &lt;359.2&gt;
to be greater than:
 &lt;449.0&gt; 
fashionette.automation.features.find.SearchStory.should_return_list_of_products(SearchStory.java:24)
</system-err></testcase></testsuite>