<?xml version="1.0" encoding="UTF-8"?><testsuite errors="0" failures="1" name="fashionette.automation.features.find.SearchStory" skipped="0" tests="1" time="29.53" timestamp="2018-01-21T08:41:04.336+01:00[Europe/Berlin]"><testcase classname="fashionette.automation.features.find.SearchStory" name="Should return list of products"><failure message="expected:&lt;&quot;[schwarz]&quot;&gt; but was:&lt;&quot;[]&quot;&gt;" type="org.junit.ComparisonFailure">expected:&lt;"[schwarz]"&gt; but was:&lt;"[]"&gt;</failure><system-err>expected:&lt;"[schwarz]"&gt; but was:&lt;"[]"&gt;
fashionette.automation.features.find.SearchStory.should_return_list_of_products(SearchStory.java:24)
</system-err></testcase></testsuite>